INFO;msg=Сокет открыт;chat=1;user=1;time=1717349599.1856105
INFO;msg=Сообщение добавлено в очередь;chat=1;user=1;time=1717349601.1010935
INFO;msg=Уведомление добавлено в очередь;chat=1;user=1;time=1717349601.1020918
INFO;msg=Сокет открыт;chat=1;user=2;time=1717349602.6197386
INFO;msg=Сообщение сохранено в БД;chat=1;user=2;time=1717349602.8072228
INFO;msg=Сообщение удалено из очереди;chat=1;user=2;time=1717349602.808939
INFO;msg=Сформирован пакет для отправки по вебсокету;chat=1;user=2;time=1717349602.823192
INFO;msg=Сообщение отправлено по вебсокету;chat=1;user=2;time=1717349602.8237722
INFO;msg=Сообщение добавлено в очередь;chat=1;user=2;time=1717349603.3083694
INFO;msg=Уведомление добавлено в очередь;chat=1;user=2;time=1717349603.310371
INFO;msg=Сообщение сохранено в БД;chat=1;user=1;time=1717349603.3114643
INFO;msg=Сообщение удалено из очереди;chat=1;user=1;time=1717349603.3124971
INFO;msg=Сформирован пакет для отправки по вебсокету;chat=1;user=1;time=1717349603.3199499
INFO;msg=Сообщение отправлено по вебсокету;chat=1;user=1;time=1717349603.320458
INFO;msg=Сообщение добавлено в очередь;chat=1;user=2;time=1717349604.681878
INFO;msg=Уведомление добавлено в очередь;chat=1;user=2;time=1717349604.6836393
INFO;msg=Сообщение сохранено в БД;chat=1;user=1;time=1717349604.6844318
INFO;msg=Сообщение удалено из очереди;chat=1;user=1;time=1717349604.685999
INFO;msg=Сформирован пакет для отправки по вебсокету;chat=1;user=1;time=1717349604.6907792
INFO;msg=Сообщение отправлено по вебсокету;chat=1;user=1;time=1717349604.6907792
INFO;msg=Сообщение добавлено в очередь;chat=1;user=1;time=1717349606.0234506
INFO;msg=Уведомление добавлено в очередь;chat=1;user=1;time=1717349606.024707
INFO;msg=Сообщение сохранено в БД;chat=1;user=2;time=1717349606.0256002
INFO;msg=Сообщение удалено из очереди;chat=1;user=2;time=1717349606.0266302
INFO;msg=Сформирован пакет для отправки по вебсокету;chat=1;user=2;time=1717349606.032398
INFO;msg=Сообщение отправлено по вебсокету;chat=1;user=2;time=1717349606.032398
INFO;msg=Сообщение добавлено в очередь;chat=1;user=2;time=1717349609.219545
INFO;msg=Уведомление добавлено в очередь;chat=1;user=2;time=1717349609.2205434
INFO;msg=Сообщение добавлено в очередь;chat=1;user=2;time=1717349609.7969708
INFO;msg=Уведомление добавлено в очередь;chat=1;user=2;time=1717349609.7969708
INFO;msg=Сокет открыт;chat=1;user=1;time=1717349613.2824955
INFO;msg=Сообщение сохранено в БД;chat=1;user=1;time=1717349613.2876782
INFO;msg=Сообщение удалено из очереди;chat=1;user=1;time=1717349613.2886882
INFO;msg=Сформирован пакет для отправки по вебсокету;chat=1;user=1;time=1717349613.2960894
INFO;msg=Сообщение отправлено по вебсокету;chat=1;user=1;time=1717349613.2960894
INFO;msg=Сообщение сохранено в БД;chat=1;user=1;time=1717349613.2993507
INFO;msg=Сообщение удалено из очереди;chat=1;user=1;time=1717349613.3010046
INFO;msg=Сформирован пакет для отправки по вебсокету;chat=1;user=1;time=1717349613.3096673
INFO;msg=Сообщение отправлено по вебсокету;chat=1;user=1;time=1717349613.3096673
INFO;msg=Сообщение добавлено в очередь;chat=1;user=1;time=1717349615.1370537
INFO;msg=Уведомление добавлено в очередь;chat=1;user=1;time=1717349615.13905
INFO;msg=Подключение к Редис закрыто;chat=;user=;time=1717349618.4101238
INFO;msg=Подключение к Монге закрыто;chat=;user=;time=1717349618.4126022
INFO;msg=Монитор остановлен;chat=;user=;time=1717349618.4126022
INFO;msg=Подключение к Редис открыто;chat=;user=;time=1717349620.7698789
INFO;msg=Подключение к Монге открыто;chat=;user=;time=1717349620.7748775
INFO;msg=Монитор запущен;chat=;user=;time=1717349620.7758775
INFO;msg=Подключение к Редис закрыто;chat=;user=;time=1717349668.9425235
INFO;msg=Подключение к Монге закрыто;chat=;user=;time=1717349668.9425235
INFO;msg=Монитор остановлен;chat=;user=;time=1717349668.9425235
